<?xml version="1.0" encoding="UTF-8"?>
<!-- Generated by org.testng.reporters.JUnitXMLReporter -->
<testsuite hostname="PablitoPC.local" ignored="0" name="TrialTest" tests="4" failures="1" timestamp="2019-09-09T14:46:54 ART" time="9.957" errors="0">
  <testcase name="testAPIExample" time="2.91" classname="APITests.ExampleAPITest"/>
  <testcase name="third_test" time="7.085" classname="UiTests.TestContactUs"/>
  <testcase name="second_test" time="7.136" classname="UiTests.TestContactUs"/>
  <testcase name="first_test" time="7.289" classname="UiTests.TestContactUs">
    <failure type="org.openqa.selenium.InvalidArgumentException" message="invalid argument: File not found : /Users/pabloconde/Pablo/Mahisoft/testproject/src/resources/toy2.png
  (Session info: chrome=76.0.3809.132)
Build info: version: &amp;apos;3.141.59&amp;apos;, revision: &amp;apos;e82be7d358&amp;apos;, time: &amp;apos;2018-11-14T08:17:03&amp;apos;
System info: host: &amp;apos;PablitoPC.local&amp;apos;, ip: &amp;apos;fe80:0:0:0:ce4:195f:18e3:75ac%en0&amp;apos;, os.name: &amp;apos;Mac OS X&amp;apos;, os.arch: &amp;apos;x86_64&amp;apos;, os.version: &amp;apos;10.13.6&amp;apos;, java.version: &amp;apos;1.8.0_171&amp;apos;
Driver info: org.openqa.selenium.chrome.ChromeDriver
Capabilities {acceptInsecureCerts: false, browserName: chrome, browserVersion: 76.0.3809.132, chrome: {chromedriverVersion: 76.0.3809.126 (d80a294506b4..., userDataDir: /var/folders/wb/53nls3sn1d3...}, goog:chromeOptions: {debuggerAddress: localhost:55639}, javascriptEnabled: true, networkConnectionEnabled: false, pageLoadStrategy: normal, platform: MAC, platformName: MAC, proxy: Proxy(), setWindowRect: true, strictFileInteractability: false, timeouts: {implicit: 0, pageLoad: 300000, script: 30000}, unhandledPromptBehavior: dismiss and notify}
Session ID: 936420df65acdc327edbe5f7be2986c2">
      <![CDATA[org.openqa.selenium.InvalidArgumentException: invalid argument: File not found : /Users/pabloconde/Pablo/Mahisoft/testproject/src/resources/toy2.png
  (Session info: chrome=76.0.3809.132)
Build info: version: '3.141.59', revision: 'e82be7d358', time: '2018-11-14T08:17:03'
System info: host: 'PablitoPC.local', ip: 'fe80:0:0:0:ce4:195f:18e3:75ac%en0', os.name: 'Mac OS X', os.arch: 'x86_64', os.version: '10.13.6', java.version: '1.8.0_171'
Driver info: org.openqa.selenium.chrome.ChromeDriver
Capabilities {acceptInsecureCerts: false, browserName: chrome, browserVersion: 76.0.3809.132, chrome: {chromedriverVersion: 76.0.3809.126 (d80a294506b4..., userDataDir: /var/folders/wb/53nls3sn1d3...}, goog:chromeOptions: {debuggerAddress: localhost:55639}, javascriptEnabled: true, networkConnectionEnabled: false, pageLoadStrategy: normal, platform: MAC, platformName: MAC, proxy: Proxy(), setWindowRect: true, strictFileInteractability: false, timeouts: {implicit: 0, pageLoad: 300000, script: 30000}, unhandledPromptBehavior: dismiss and notify}
Session ID: 936420df65acdc327edbe5f7be2986c2
at org.openqa.selenium.remote.http.W3CHttpResponseCodec.createException(W3CHttpResponseCodec.java:187)
at org.openqa.selenium.remote.http.W3CHttpResponseCodec.decode(W3CHttpResponseCodec.java:122)
at org.openqa.selenium.remote.http.W3CHttpResponseCodec.decode(W3CHttpResponseCodec.java:49)
at org.openqa.selenium.remote.HttpCommandExecutor.execute(HttpCommandExecutor.java:158)
at org.openqa.selenium.remote.service.DriverCommandExecutor.execute(DriverCommandExecutor.java:83)
at org.openqa.selenium.remote.RemoteWebDriver.execute(RemoteWebDriver.java:552)
at org.openqa.selenium.remote.RemoteWebElement.execute(RemoteWebElement.java:285)
at org.openqa.selenium.remote.RemoteWebElement.sendKeys(RemoteWebElement.java:106)
at UiElements.InputText.type(InputText.java:24)
at WebObjects.Pages.ContactUsPage.uploadFile(ContactUsPage.java:40)
at UiTests.TestContactUs.first_test(TestContactUs.java:26)
at java.util.concurrent.ThreadPoolExecutor.runWorker(ThreadPoolExecutor.java:1149)
at java.util.concurrent.ThreadPoolExecutor$Worker.run(ThreadPoolExecutor.java:624)
at java.lang.Thread.run(Thread.java:748)
... Removed 16 stack frames]]>
    </failure>
  </testcase> <!-- first_test -->
</testsuite> <!-- TrialTest -->
